  icode   ic inum1 inum2 inum3   subed  recmonps reccnstps  flow(m^3)   sed(t)      orgn(kg)    orgp(kg)    nitrate(kg) sol.p(kg)   sol.pst(mg) sor.pst(mg)
       1        1        1        0        0        0                         0.2759E+11  0.8649E+07  0.1374E+08  0.4603E+07  0.6594E+07  0.1848E+06  0.0000E+00  0.0000E+00
       1        2        2        0        0        0                         0.3139E+11  0.6426E+07  0.1386E+08  0.4504E+07  0.8236E+07  0.1803E+06  0.0000E+00  0.0000E+00
       1        3        3        0        0        0                         0.4192E+11  0.3935E+08  0.4674E+08  0.2070E+08  0.7324E+07  0.8148E+06  0.0000E+00  0.0000E+00
       1        4        4        0        0        0                         0.7498E+10  0.1043E+08  0.6445E+07  0.2652E+07  0.1805E+07  0.6502E+05  0.0000E+00  0.0000E+00
       1        5        5        0        0        0                         0.3092E+10  0.5000E+07  0.3055E+07  0.1282E+07  0.5345E+06  0.3164E+05  0.0000E+00  0.0000E+00
       1        6        6        0        0        0                         0.1138E+11  0.1319E+08  0.1115E+08  0.4306E+07  0.2776E+07  0.9402E+05  0.0000E+00  0.0000E+00
       1        7        7        0        0        0                         0.2776E+11  0.1115E+08  0.1533E+08  0.4300E+07  0.2988E+07  0.1916E+06  0.0000E+00  0.0000E+00
       1        8        8        0        0        0                         0.2514E+11  0.1587E+08  0.2710E+08  0.6710E+07  0.9646E+07  0.1131E+06  0.0000E+00  0.0000E+00
       1        9        9        0        0        0                         0.2107E+11  0.1429E+08  0.1829E+08  0.5935E+07  0.4939E+07  0.1229E+06  0.0000E+00  0.0000E+00
       1       10       10        0        0        0                         0.5795E+11  0.1772E+08  0.2627E+08  0.9142E+07  0.1377E+08  0.6992E+06  0.0000E+00  0.0000E+00
       1       11       11        0        0        0                         0.3130E+11  0.2064E+08  0.2089E+08  0.7623E+07  0.5758E+07  0.2065E+06  0.0000E+00  0.0000E+00
       1       12       12        0        0        0                         0.1045E+12  0.1427E+08  0.3220E+08  0.1083E+08  0.1990E+08  0.8793E+06  0.0000E+00  0.0000E+00
       1       13       13        0        0        0                         0.1386E+12  0.7083E+08  0.9889E+08  0.2893E+08  0.3536E+08  0.6402E+06  0.0000E+00  0.0000E+00
       1       14       14        0        0        0                         0.6913E+11  0.9101E+08  0.6710E+08  0.2642E+08  0.1023E+08  0.8555E+06  0.0000E+00  0.0000E+00
       1       15       15        0        0        0                         0.1092E+11  0.8374E+07  0.6886E+07  0.2464E+07  0.1864E+07  0.5487E+05  0.0000E+00  0.0000E+00
       1       16       16        0        0        0                         0.1628E+11  0.9509E+07  0.9110E+07  0.3793E+07  0.2885E+07  0.1513E+06  0.0000E+00  0.0000E+00
       1       17       17        0        0        0                         0.1560E+09  0.1864E+06  0.1043E+06  0.4456E+05  0.3615E+05  0.1129E+04  0.0000E+00  0.0000E+00
       1       18       18        0        0        0                         0.3162E+11  0.3002E+08  0.9261E+07  0.6932E+07  0.8785E+07  0.2286E+06  0.0000E+00  0.0000E+00
       1       19       19        0        0        0                         0.2594E+11  0.1485E+08  0.1478E+08  0.6591E+07  0.4808E+07  0.3232E+06  0.0000E+00  0.0000E+00
       1       20       20        0        0        0                         0.2423E+10  0.1328E+07  0.1217E+07  0.4807E+06  0.3723E+06  0.2402E+05  0.0000E+00  0.0000E+00
       1       21       21        0        0        0                         0.5952E+11  0.2583E+08  0.3959E+08  0.1111E+08  0.8036E+07  0.3037E+06  0.0000E+00  0.0000E+00
       1       22       22        0        0        0                         0.9850E+10  0.9471E+07  0.8248E+07  0.3137E+07  0.2494E+07  0.1248E+06  0.0000E+00  0.0000E+00
       1       23       23        0        0        0                         0.6105E+11  0.1618E+08  0.3922E+08  0.1017E+08  0.1602E+08  0.2349E+06  0.0000E+00  0.0000E+00
       1       24       24        0        0        0                         0.3854E+11  0.5077E+08  0.1951E+08  0.1258E+08  0.9714E+07  0.3975E+06  0.0000E+00  0.0000E+00
       1       25       25        0        0        0                         0.9701E+10  0.8586E+07  0.8471E+07  0.2554E+07  0.1280E+07  0.1112E+06  0.0000E+00  0.0000E+00
       1       26       26        0        0        0                         0.4380E+11  0.3982E+08  0.2292E+08  0.8159E+07  0.9424E+07  0.2894E+06  0.0000E+00  0.0000E+00
       1       27       27        0        0        0                         0.8880E+11  0.8701E+07  0.2594E+08  0.8365E+07  0.2978E+08  0.5039E+06  0.0000E+00  0.0000E+00
       1       28       28        0        0        0                         0.4960E+11  0.1776E+08  0.1972E+08  0.7224E+07  0.4751E+07  0.3366E+06  0.0000E+00  0.0000E+00
       1       29       29        0        0        0                         0.7430E+11  0.3802E+08  0.5440E+08  0.1720E+08  0.9229E+07  0.7769E+06  0.0000E+00  0.0000E+00
       1       30       30        0        0        0                         0.6337E+11  0.2108E+08  0.4668E+08  0.1153E+08  0.1915E+08  0.2341E+06  0.0000E+00  0.0000E+00
       1       31       31        0        0        0                         0.7847E+11  0.3066E+08  0.5255E+08  0.1316E+08  0.2465E+08  0.3955E+06  0.0000E+00  0.0000E+00
       1       32       32        0        0        0                         0.5641E+11  0.4389E+08  0.2198E+08  0.7845E+07  0.1537E+08  0.2289E+06  0.0000E+00  0.0000E+00
       1       33       33        0        0        0                         0.6040E+11  0.1001E+08  0.1509E+08  0.4115E+07  0.8441E+07  0.8778E+07  0.0000E+00  0.0000E+00
       1       34       34        0        0        0                         0.2349E+11  0.2735E+08  0.2241E+08  0.9364E+07  0.5697E+07  0.4113E+06  0.0000E+00  0.0000E+00
       1       35       35        0        0        0                         0.2240E+11  0.3088E+08  0.1455E+08  0.7139E+07  0.4435E+07  0.3019E+06  0.0000E+00  0.0000E+00
       1       36       36        0        0        0                         0.1043E+12  0.1083E+09  0.9442E+08  0.2964E+08  0.1618E+08  0.1226E+07  0.0000E+00  0.0000E+00
       1       37       37        0        0        0                         0.5415E+11  0.7247E+08  0.2551E+08  0.1042E+08  0.1205E+08  0.3815E+06  0.0000E+00  0.0000E+00
       1       38       38        0        0        0                         0.4957E+11  0.3443E+08  0.3911E+08  0.1161E+08  0.5810E+07  0.4257E+06  0.0000E+00  0.0000E+00
       1       39       39        0        0        0                         0.7097E+11  0.3224E+08  0.5223E+08  0.1268E+08  0.1976E+08  0.4213E+06  0.0000E+00  0.0000E+00
       1       40       40        0        0        0                         0.3332E+10  0.2524E+07  0.1747E+07  0.5884E+06  0.4409E+06  0.1676E+05  0.0000E+00  0.0000E+00
       1       41       41        0        0        0                         0.3419E+11  0.2891E+08  0.3258E+08  0.1305E+08  0.6464E+07  0.4816E+06  0.0000E+00  0.0000E+00
       1       42       42        0        0        0                         0.4732E+11  0.1780E+08  0.1953E+08  0.7491E+07  0.6079E+07  0.4642E+06  0.0000E+00  0.0000E+00
       1       43       43        0        0        0                         0.3633E+11  0.1360E+08  0.1428E+08  0.8455E+07  0.8129E+07  0.9473E+06  0.0000E+00  0.0000E+00
       1       44       44        0        0        0                         0.4754E+11  0.2134E+08  0.3161E+08  0.8173E+07  0.1404E+08  0.3439E+06  0.0000E+00  0.0000E+00
       1       45       45        0        0        0                         0.4899E+11  0.2143E+08  0.2671E+08  0.8044E+07  0.6065E+07  0.2677E+06  0.0000E+00  0.0000E+00
       1       46       46        0        0        0                         0.1535E+11  0.5665E+07  0.7372E+07  0.2220E+07  0.1920E+07  0.8869E+05  0.0000E+00  0.0000E+00
       1       47       47        0        0        0                         0.2933E+11  0.1515E+08  0.1277E+08  0.6116E+07  0.6861E+07  0.3518E+06  0.0000E+00  0.0000E+00
       1       48       48        0        0        0                         0.4668E+11  0.3899E+08  0.5148E+08  0.1681E+08  0.6810E+07  0.4916E+06  0.0000E+00  0.0000E+00
       1       49       49        0        0        0                         0.1805E+11  0.3297E+08  0.2194E+08  0.8124E+07  0.4253E+07  0.4253E+06  0.0000E+00  0.0000E+00
       1       50       50        0        0        0                         0.8122E+11  0.2674E+09  0.7907E+08  0.4747E+08  0.1697E+08  0.1164E+07  0.0000E+00  0.0000E+00
       1       51       51        0        0        0                         0.7642E+11  0.9281E+08  0.7388E+08  0.3340E+08  0.1548E+08  0.1572E+07  0.0000E+00  0.0000E+00
       1       52       52        0        0        0                         0.6893E+11  0.4942E+08  0.6926E+08  0.2250E+08  0.9661E+07  0.9901E+06  0.0000E+00  0.0000E+00
       1       53       53        0        0        0                         0.1709E+12  0.2181E+09  0.1516E+09  0.7279E+08  0.4597E+08  0.2600E+07  0.0000E+00  0.0000E+00
       1       54       54        0        0        0                         0.6659E+11  0.1676E+09  0.4325E+08  0.2954E+08  0.9868E+07  0.7406E+06  0.0000E+00  0.0000E+00
       1       55       55        0        0        0                         0.1098E+12  0.8843E+08  0.5932E+08  0.2341E+08  0.1603E+08  0.8328E+06  0.0000E+00  0.0000E+00
      11       56        1        0        0        0                   1p    0.0000E+00  0.0000E+00  0.0000E+00  0.0000E+00  0.0000E+00  0.0000E+00  0.0000E+00  0.0000E+00
       5       57        1       56        0        0                         0.2759E+11  0.8649E+07  0.1374E+08  0.4603E+07  0.6594E+07  0.1848E+06  0.0000E+00  0.0000E+00
       2       58        1       57        1        0                         0.2749E+11  0.8614E+07  0.1284E+08  0.4154E+07  0.6580E+07  0.3909E+06  0.0000E+00  0.0000E+00
       3       59        1       58        0        0                         0.2767E+11  0.1799E+07  0.8159E+07  0.2107E+07  0.4684E+07  0.2443E+06  0.0000E+00  0.0000E+00
      11       60        2        0        0        0                   2p    0.0000E+00  0.0000E+00  0.0000E+00  0.0000E+00  0.0000E+00  0.0000E+00  0.0000E+00  0.0000E+00
       5       61        2       60        0        0                         0.3139E+11  0.6426E+07  0.1386E+08  0.4504E+07  0.8236E+07  0.1803E+06  0.0000E+00  0.0000E+00
       2       62        2       61        2        0                         0.3099E+11  0.5310E+07  0.1143E+08  0.3369E+07  0.8169E+07  0.6288E+06  0.0000E+00  0.0000E+00
      11       63        3        0        0        0                   8p    0.0000E+00  0.0000E+00  0.0000E+00  0.0000E+00  0.0000E+00  0.0000E+00  0.0000E+00  0.0000E+00
       5       64        8       63        0        0                         0.2514E+11  0.1587E+08  0.2710E+08  0.6710E+07  0.9646E+07  0.1131E+06  0.0000E+00  0.0000E+00
       2       65        8       64        8        0                         0.2510E+11  0.1587E+08  0.2611E+08  0.6335E+07  0.9636E+07  0.2439E+06  0.0000E+00  0.0000E+00
       3       66        2       65        0        0                         0.2565E+11  0.9152E+06  0.1500E+08  0.2686E+07  0.6721E+07  0.1460E+06  0.0000E+00  0.0000E+00
       5       67        9       66        0        0                         0.4672E+11  0.1521E+08  0.3329E+08  0.8621E+07  0.1166E+08  0.2688E+06  0.0000E+00  0.0000E+00
      11       68        4        0        0        0                   9p    0.0000E+00  0.0000E+00  0.0000E+00  0.0000E+00  0.0000E+00  0.0000E+00  0.0000E+00  0.0000E+00
       5       69       67       68        0        0                         0.4672E+11  0.1521E+08  0.3329E+08  0.8621E+07  0.1166E+08  0.2688E+06  0.0000E+00  0.0000E+00
       2       70        9       69        9        0                         0.4649E+11  0.1471E+08  0.3140E+08  0.7885E+07  0.1159E+08  0.6214E+06  0.0000E+00  0.0000E+00
      11       71        5        0        0        0                  10p    0.0000E+00  0.0000E+00  0.0000E+00  0.0000E+00  0.0000E+00  0.0000E+00  0.0000E+00  0.0000E+00
       5       72       10       71        0        0                         0.5795E+11  0.1772E+08  0.2627E+08  0.9142E+07  0.1377E+08  0.6992E+06  0.0000E+00  0.0000E+00
       2       73       10       72       10        0                         0.5692E+11  0.9428E+07  0.1791E+08  0.5100E+07  0.1381E+08  0.3106E+07  0.0000E+00  0.0000E+00
       5       74       12       73        0        0                         0.1615E+12  0.2370E+08  0.5011E+08  0.1593E+08  0.3371E+08  0.3985E+07  0.0000E+00  0.0000E+00
      11       75        6        0        0        0                  12p    0.0000E+00  0.0000E+00  0.0000E+00  0.0000E+00  0.0000E+00  0.0000E+00  0.0000E+00  0.0000E+00
       5       76       74       75        0        0                         0.1615E+12  0.2370E+08  0.5011E+08  0.1593E+08  0.3371E+08  0.3985E+07  0.0000E+00  0.0000E+00
       2       77       12       76       12        0                         0.1613E+12  0.2289E+08  0.4963E+08  0.1571E+08  0.3370E+08  0.4170E+07  0.0000E+00  0.0000E+00
       3       78        3       77        0        0                         0.1619E+12  0.3638E+09  0.4667E+08  0.1416E+08  0.3173E+08  0.3778E+07  0.0000E+00  0.0000E+00
       5       79       19       78        0        0                         0.1878E+12  0.3786E+09  0.6145E+08  0.2075E+08  0.3653E+08  0.4101E+07  0.0000E+00  0.0000E+00
      11       80        7        0        0        0                  19p    0.0000E+00  0.0000E+00  0.0000E+00  0.0000E+00  0.0000E+00  0.0000E+00  0.0000E+00  0.0000E+00
       5       81       79       80        0        0                         0.1878E+12  0.3786E+09  0.6145E+08  0.2075E+08  0.3653E+08  0.4101E+07  0.0000E+00  0.0000E+00
       2       82       19       81       19        0                         0.1869E+12  0.2971E+09  0.5200E+08  0.1541E+08  0.3537E+08  0.8455E+07  0.0000E+00  0.0000E+00
       3       83        4       82        0        0                         0.1875E+12  0.5725E+09  0.4882E+08  0.1389E+08  0.3347E+08  0.7593E+07  0.0000E+00  0.0000E+00
       5       84       20       83        0        0                         0.1899E+12  0.5739E+09  0.5003E+08  0.1437E+08  0.3384E+08  0.7617E+07  0.0000E+00  0.0000E+00
      11       85        8        0        0        0                  20p    0.0000E+00  0.0000E+00  0.0000E+00  0.0000E+00  0.0000E+00  0.0000E+00  0.0000E+00  0.0000E+00
       5       86       84       85        0        0                         0.1899E+12  0.5739E+09  0.5003E+08  0.1437E+08  0.3384E+08  0.7617E+07  0.0000E+00  0.0000E+00
       2       87       20       86       20        0                         0.1898E+12  0.5735E+09  0.4853E+08  0.1352E+08  0.3344E+08  0.8374E+07  0.0000E+00  0.0000E+00
      11       88        9        0        0        0                  13p    0.0000E+00  0.0000E+00  0.0000E+00  0.0000E+00  0.0000E+00  0.0000E+00  0.0000E+00  0.0000E+00
       5       89       13       88        0        0                         0.1386E+12  0.7083E+08  0.9889E+08  0.2893E+08  0.3536E+08  0.6402E+06  0.0000E+00  0.0000E+00
       2       90       13       89       13        0                         0.1373E+12  0.5342E+08  0.7864E+08  0.2031E+08  0.3521E+08  0.3447E+07  0.0000E+00  0.0000E+00
      11       91       10        0        0        0                  21p    0.0000E+00  0.0000E+00  0.0000E+00  0.0000E+00  0.0000E+00  0.0000E+00  0.0000E+00  0.0000E+00
       5       92       21       91        0        0                         0.5952E+11  0.2583E+08  0.3959E+08  0.1111E+08  0.8036E+07  0.3037E+06  0.0000E+00  0.0000E+00
       2       93       21       92       21        0                         0.5927E+11  0.2579E+08  0.3743E+08  0.1018E+08  0.8020E+07  0.6645E+06  0.0000E+00  0.0000E+00
      11       94       11        0        0        0                  23p    0.0000E+00  0.0000E+00  0.0000E+00  0.0000E+00  0.0000E+00  0.0000E+00  0.0000E+00  0.0000E+00
       5       95       23       94        0        0                         0.6105E+11  0.1618E+08  0.3922E+08  0.1017E+08  0.1602E+08  0.2349E+06  0.0000E+00  0.0000E+00
       2       96       23       95       23        0                         0.6082E+11  0.1617E+08  0.3733E+08  0.9436E+07  0.1598E+08  0.4949E+06  0.0000E+00  0.0000E+00
      11       97       12        0        0        0                  27p    0.0000E+00  0.0000E+00  0.0000E+00  0.0000E+00  0.0000E+00  0.0000E+00  0.0000E+00  0.0000E+00
       5       98       27       97        0        0                         0.8880E+11  0.8701E+07  0.2594E+08  0.8365E+07  0.2978E+08  0.5039E+06  0.0000E+00  0.0000E+00
       2       99       27       98       27        0                         0.8753E+11  0.7528E+07  0.2138E+08  0.6242E+07  0.2945E+08  0.1343E+07  0.0000E+00  0.0000E+00
      11      100       13        0        0        0                  30p    0.0000E+00  0.0000E+00  0.0000E+00  0.0000E+00  0.0000E+00  0.0000E+00  0.0000E+00  0.0000E+00
       5      101       30      100        0        0                         0.6337E+11  0.2108E+08  0.4668E+08  0.1153E+08  0.1915E+08  0.2341E+06  0.0000E+00  0.0000E+00
       2      102       30      101       30        0                         0.6322E+11  0.2108E+08  0.4527E+08  0.1100E+08  0.1913E+08  0.4239E+06  0.0000E+00  0.0000E+00
       5      103       31      102        0        0                         0.1417E+12  0.5174E+08  0.9782E+08  0.2416E+08  0.4378E+08  0.8194E+06  0.0000E+00  0.0000E+00
      11      104       14        0        0        0                  31p    0.0000E+00  0.0000E+00  0.0000E+00  0.0000E+00  0.0000E+00  0.0000E+00  0.0000E+00  0.0000E+00
       5      105      103      104        0        0                         0.1417E+12  0.5174E+08  0.9782E+08  0.2416E+08  0.4378E+08  0.8194E+06  0.0000E+00  0.0000E+00
       2      106       31      105       31        0                         0.1414E+12  0.4405E+08  0.8144E+08  0.1812E+08  0.4373E+08  0.2674E+07  0.0000E+00  0.0000E+00
       3      107        5      106        0        0                         0.1427E+12  0.5708E+09  0.7691E+08  0.1641E+08  0.4082E+08  0.2393E+07  0.0000E+00  0.0000E+00
       5      108       32      107        0        0                         0.1991E+12  0.6146E+09  0.9889E+08  0.2426E+08  0.5619E+08  0.2622E+07  0.0000E+00  0.0000E+00
      11      109       15        0        0        0                  32p    0.0000E+00  0.0000E+00  0.0000E+00  0.0000E+00  0.0000E+00  0.0000E+00  0.0000E+00  0.0000E+00
       5      110      108      109        0        0                         0.1991E+12  0.6146E+09  0.9889E+08  0.2426E+08  0.5619E+08  0.2622E+07  0.0000E+00  0.0000E+00
       2      111       32      110       32        0                         0.1986E+12  0.4971E+09  0.9494E+08  0.2270E+08  0.5585E+08  0.3557E+07  0.0000E+00  0.0000E+00
       5      112       26      111        0        0                         0.2424E+12  0.5369E+09  0.1179E+09  0.3086E+08  0.6528E+08  0.3847E+07  0.0000E+00  0.0000E+00
      11      113       16        0        0        0                  26p    0.0000E+00  0.0000E+00  0.0000E+00  0.0000E+00  0.0000E+00  0.0000E+00  0.0000E+00  0.0000E+00
       5      114      112      113        0        0                         0.2424E+12  0.5369E+09  0.1179E+09  0.3086E+08  0.6528E+08  0.3847E+07  0.0000E+00  0.0000E+00
       2      115       26      114       26        0                         0.2421E+12  0.5320E+09  0.1116E+09  0.2837E+08  0.6515E+08  0.5669E+07  0.0000E+00  0.0000E+00
       3      116        6      115        0        0                         0.2434E+12  0.9764E+09  0.1076E+09  0.2658E+08  0.6256E+08  0.5287E+07  0.0000E+00  0.0000E+00
      11      117       17        0        0        0                  34p    0.0000E+00  0.0000E+00  0.0000E+00  0.0000E+00  0.0000E+00  0.0000E+00  0.0000E+00  0.0000E+00
       5      118       34      117        0        0                         0.2349E+11  0.2735E+08  0.2241E+08  0.9364E+07  0.5697E+07  0.4113E+06  0.0000E+00  0.0000E+00
       2      119       34      118       34        0                         0.2348E+11  0.2735E+08  0.2234E+08  0.9314E+07  0.5696E+07  0.4527E+06  0.0000E+00  0.0000E+00
       3      120        7      119        0        0                         0.2402E+11  0.4077E+07  0.1361E+08  0.4519E+07  0.3992E+07  0.2637E+06  0.0000E+00  0.0000E+00
       5      121       33      120        0        0                         0.8442E+11  0.1409E+08  0.2869E+08  0.8634E+07  0.1243E+08  0.9042E+07  0.0000E+00  0.0000E+00
      11      122       18        0        0        0                  33p    0.0000E+00  0.0000E+00  0.0000E+00  0.0000E+00  0.0000E+00  0.0000E+00  0.0000E+00  0.0000E+00
       5      123      121      122        0        0                         0.8442E+11  0.1409E+08  0.2869E+08  0.8634E+07  0.1243E+08  0.9042E+07  0.0000E+00  0.0000E+00
       2      124       33      123       33        0                         0.8329E+11  0.9012E+07  0.2141E+08  0.5267E+07  0.1224E+08  0.1151E+08  0.0000E+00  0.0000E+00
       5      125       29      124        0        0                         0.1576E+12  0.4703E+08  0.7581E+08  0.2247E+08  0.2147E+08  0.1228E+08  0.0000E+00  0.0000E+00
      11      126       19        0        0        0                  29p    0.0000E+00  0.0000E+00  0.0000E+00  0.0000E+00  0.0000E+00  0.0000E+00  0.0000E+00  0.0000E+00
       5      127      125      126        0        0                         0.1576E+12  0.4703E+08  0.7581E+08  0.2247E+08  0.2147E+08  0.1228E+08  0.0000E+00  0.0000E+00
       2      128       29      127       29        0                         0.1556E+12  0.3013E+08  0.5479E+08  0.1355E+08  0.2267E+08  0.1837E+08  0.0000E+00  0.0000E+00
      11      129       20        0        0        0                  38p    0.0000E+00  0.0000E+00  0.0000E+00  0.0000E+00  0.0000E+00  0.0000E+00  0.0000E+00  0.0000E+00
       5      130       38      129        0        0                         0.4957E+11  0.3443E+08  0.3911E+08  0.1161E+08  0.5810E+07  0.4257E+06  0.0000E+00  0.0000E+00
       2      131       38      130       38        0                         0.4898E+11  0.2843E+08  0.3132E+08  0.8237E+07  0.5804E+07  0.1784E+07  0.0000E+00  0.0000E+00
      11      132       21        0        0        0                  39p    0.0000E+00  0.0000E+00  0.0000E+00  0.0000E+00  0.0000E+00  0.0000E+00  0.0000E+00  0.0000E+00
       5      133       39      132        0        0                         0.7097E+11  0.3224E+08  0.5223E+08  0.1268E+08  0.1976E+08  0.4213E+06  0.0000E+00  0.0000E+00
       2      134       39      133       39        0                         0.7075E+11  0.1959E+08  0.5081E+08  0.1215E+08  0.1973E+08  0.5813E+06  0.0000E+00  0.0000E+00
       3      135        8      134        0        0                         0.7157E+11  0.2216E+09  0.4350E+08  0.9423E+07  0.1721E+08  0.4727E+06  0.0000E+00  0.0000E+00
      11      136       22        0        0        0                  41p    0.0000E+00  0.0000E+00  0.0000E+00  0.0000E+00  0.0000E+00  0.0000E+00  0.0000E+00  0.0000E+00
       5      137       41      136        0        0                         0.3419E+11  0.2891E+08  0.3258E+08  0.1305E+08  0.6464E+07  0.4816E+06  0.0000E+00  0.0000E+00
       2      138       41      137       41        0                         0.3413E+11  0.2890E+08  0.3118E+08  0.1219E+08  0.6459E+07  0.1060E+07  0.0000E+00  0.0000E+00
       3      139        9      138        0        0                         0.3475E+11  0.2238E+08  0.2220E+08  0.7295E+07  0.4985E+07  0.7086E+06  0.0000E+00  0.0000E+00
       5      140       48      139        0        0                         0.8144E+11  0.6137E+08  0.7368E+08  0.2410E+08  0.1180E+08  0.1200E+07  0.0000E+00  0.0000E+00
      11      141       23        0        0        0                  48p    0.0000E+00  0.0000E+00  0.0000E+00  0.0000E+00  0.0000E+00  0.0000E+00  0.0000E+00  0.0000E+00
       5      142      140      141        0        0                         0.8144E+11  0.6137E+08  0.7368E+08  0.2410E+08  0.1180E+08  0.1200E+07  0.0000E+00  0.0000E+00
       2      143       48      142       48        0                         0.8042E+11  0.4615E+08  0.5901E+08  0.1682E+08  0.1160E+08  0.5427E+07  0.0000E+00  0.0000E+00
       5      144       52      143        0        0                         0.1493E+12  0.9557E+08  0.1283E+09  0.3932E+08  0.2126E+08  0.6417E+07  0.0000E+00  0.0000E+00
      11      145       24        0        0        0                  52p    0.0000E+00  0.0000E+00  0.0000E+00  0.0000E+00  0.0000E+00  0.0000E+00  0.0000E+00  0.0000E+00
       5      146      144      145        0        0                         0.1493E+12  0.9557E+08  0.1283E+09  0.3932E+08  0.2126E+08  0.6417E+07  0.0000E+00  0.0000E+00
       2      147       52      146       52        0                         0.1487E+12  0.7963E+08  0.1048E+09  0.2874E+08  0.2226E+08  0.1406E+08  0.0000E+00  0.0000E+00
      11      148       25        0        0        0                  44p    0.0000E+00  0.0000E+00  0.0000E+00  0.0000E+00  0.0000E+00  0.0000E+00  0.0000E+00  0.0000E+00
       5      149       44      148        0        0                         0.4754E+11  0.2134E+08  0.3161E+08  0.8173E+07  0.1404E+08  0.3439E+06  0.0000E+00  0.0000E+00
       2      150       44      149       44        0                         0.4739E+11  0.1173E+08  0.3080E+08  0.7856E+07  0.1402E+08  0.4455E+06  0.0000E+00  0.0000E+00
       3      151       10      150        0        0                         0.4838E+11  0.1362E+08  0.2380E+08  0.5179E+07  0.1148E+08  0.3267E+06  0.0000E+00  0.0000E+00
       5      152       40      151        0        0                         0.5171E+11  0.1615E+08  0.2555E+08  0.5767E+07  0.1192E+08  0.3435E+06  0.0000E+00  0.0000E+00
      11      153       26        0        0        0                  40p    0.0000E+00  0.0000E+00  0.0000E+00  0.0000E+00  0.0000E+00  0.0000E+00  0.0000E+00  0.0000E+00
       5      154      152      153        0        0                         0.5171E+11  0.1615E+08  0.2555E+08  0.5767E+07  0.1192E+08  0.3435E+06  0.0000E+00  0.0000E+00
       2      155       40      154       40        0                         0.5163E+11  0.1614E+08  0.2496E+08  0.5554E+07  0.1189E+08  0.4251E+06  0.0000E+00  0.0000E+00
      11      156       27        0        0        0                  45p    0.0000E+00  0.0000E+00  0.0000E+00  0.0000E+00  0.0000E+00  0.0000E+00  0.0000E+00  0.0000E+00
       5      157       45      156        0        0                         0.4899E+11  0.2143E+08  0.2671E+08  0.8044E+07  0.6065E+07  0.2677E+06  0.0000E+00  0.0000E+00
       2      158       45      157       45        0                         0.4886E+11  0.2143E+08  0.2529E+08  0.7392E+07  0.6056E+07  0.5319E+06  0.0000E+00  0.0000E+00
      11      159       28        0        0        0                  54p    0.0000E+00  0.0000E+00  0.0000E+00  0.0000E+00  0.0000E+00  0.0000E+00  0.0000E+00  0.0000E+00
       5      160       54      159        0        0                         0.6659E+11  0.1676E+09  0.4325E+08  0.2954E+08  0.9868E+07  0.7406E+06  0.0000E+00  0.0000E+00
       2      161       54      160       54        0                         0.6640E+11  0.1671E+09  0.4039E+08  0.2644E+08  0.9854E+07  0.2000E+07  0.0000E+00  0.0000E+00
       5      162       22       87        0        0                         0.1996E+12  0.5829E+09  0.5678E+08  0.1666E+08  0.3593E+08  0.8499E+07  0.0000E+00  0.0000E+00
       5      163      162       93        0        0                         0.2589E+12  0.6087E+09  0.9421E+08  0.2684E+08  0.4395E+08  0.9164E+07  0.0000E+00  0.0000E+00
      11      164       29        0        0        0                  22p    0.0000E+00  0.0000E+00  0.0000E+00  0.0000E+00  0.0000E+00  0.0000E+00  0.0000E+00  0.0000E+00
       5      165      163      164        0        0                         0.2589E+12  0.6087E+09  0.9421E+08  0.2684E+08  0.4395E+08  0.9164E+07  0.0000E+00  0.0000E+00
       2      166       22      165       22        0                         0.2586E+12  0.6076E+09  0.8987E+08  0.2483E+08  0.4364E+08  0.1063E+08  0.0000E+00  0.0000E+00
       5      167       15       90        0        0                         0.1482E+12  0.6180E+08  0.8552E+08  0.2277E+08  0.3707E+08  0.3502E+07  0.0000E+00  0.0000E+00
       5      168      167       96        0        0                         0.2091E+12  0.7797E+08  0.1229E+09  0.3221E+08  0.5305E+08  0.3996E+07  0.0000E+00  0.0000E+00
       5      169      168       99        0        0                         0.2966E+12  0.8550E+08  0.1442E+09  0.3845E+08  0.8251E+08  0.5339E+07  0.0000E+00  0.0000E+00
      11      170       30        0        0        0                  15p    0.0000E+00  0.0000E+00  0.0000E+00  0.0000E+00  0.0000E+00  0.0000E+00  0.0000E+00  0.0000E+00
       5      171      169      170        0        0                         0.2966E+12  0.8550E+08  0.1442E+09  0.3845E+08  0.8251E+08  0.5339E+07  0.0000E+00  0.0000E+00
       2      172       15      171       15        0                         0.2958E+12  0.8521E+08  0.1359E+09  0.3515E+08  0.8240E+08  0.7326E+07  0.0000E+00  0.0000E+00
       3      173       11      172        0        0                         0.2961E+12  0.1184E+10  0.1316E+09  0.3327E+08  0.7973E+08  0.6931E+07  0.0000E+00  0.0000E+00
       5      174       18      173        0        0                         0.3278E+12  0.1214E+10  0.1409E+09  0.4021E+08  0.8852E+08  0.7159E+07  0.0000E+00  0.0000E+00
      11      175       31        0        0        0                  18p    0.0000E+00  0.0000E+00  0.0000E+00  0.0000E+00  0.0000E+00  0.0000E+00  0.0000E+00  0.0000E+00
       5      176      174      175        0        0                         0.3278E+12  0.1214E+10  0.1409E+09  0.4021E+08  0.8852E+08  0.7159E+07  0.0000E+00  0.0000E+00
       2      177       18      176       18        0                         0.3270E+12  0.1150E+10  0.1307E+09  0.3507E+08  0.8714E+08  0.1133E+08  0.0000E+00  0.0000E+00
       5      178       37      135        0        0                         0.1257E+12  0.2941E+09  0.6900E+08  0.1985E+08  0.2926E+08  0.8542E+06  0.0000E+00  0.0000E+00
       5      179      178      155        0        0                         0.1774E+12  0.3102E+09  0.9397E+08  0.2540E+08  0.4114E+08  0.1279E+07  0.0000E+00  0.0000E+00
      11      180       32        0        0        0                  37p    0.0000E+00  0.0000E+00  0.0000E+00  0.0000E+00  0.0000E+00  0.0000E+00  0.0000E+00  0.0000E+00
       5      181      179      180        0        0                         0.1774E+12  0.3102E+09  0.9397E+08  0.2540E+08  0.4114E+08  0.1279E+07  0.0000E+00  0.0000E+00
       2      182       37      181       37        0                         0.1768E+12  0.2618E+09  0.8883E+08  0.2332E+08  0.4094E+08  0.2096E+07  0.0000E+00  0.0000E+00
       5      183       35      182        0        0                         0.1991E+12  0.2927E+09  0.1034E+09  0.3046E+08  0.4537E+08  0.2398E+07  0.0000E+00  0.0000E+00
      11      184       33        0        0        0                  35p    0.0000E+00  0.0000E+00  0.0000E+00  0.0000E+00  0.0000E+00  0.0000E+00  0.0000E+00  0.0000E+00
       5      185      183      184        0        0                         0.1991E+12  0.2927E+09  0.1034E+09  0.3046E+08  0.4537E+08  0.2398E+07  0.0000E+00  0.0000E+00
       2      186       35      185       35        0                         0.1989E+12  0.2906E+09  0.9720E+08  0.2782E+08  0.4529E+08  0.3843E+07  0.0000E+00  0.0000E+00
       5      187        6       59        0        0                         0.3906E+11  0.1498E+08  0.1931E+08  0.6412E+07  0.7459E+07  0.3383E+06  0.0000E+00  0.0000E+00
       5      188      187       70        0        0                         0.8555E+11  0.2970E+08  0.5071E+08  0.1430E+08  0.1905E+08  0.9597E+06  0.0000E+00  0.0000E+00
      11      189       34        0        0        0                   6p    0.0000E+00  0.0000E+00  0.0000E+00  0.0000E+00  0.0000E+00  0.0000E+00  0.0000E+00  0.0000E+00
       5      190      188      189        0        0                         0.8555E+11  0.2970E+08  0.5071E+08  0.1430E+08  0.1905E+08  0.9597E+06  0.0000E+00  0.0000E+00
       2      191        6      190        6        0                         0.8522E+11  0.2924E+08  0.4823E+08  0.1325E+08  0.1895E+08  0.1609E+07  0.0000E+00  0.0000E+00
       3      192       12      191        0        0                         0.8549E+11  0.1140E+09  0.3963E+08  0.9605E+07  0.1675E+08  0.1324E+07  0.0000E+00  0.0000E+00
       5      193        5      192        0        0                         0.8859E+11  0.1190E+09  0.4268E+08  0.1089E+08  0.1729E+08  0.1355E+07  0.0000E+00  0.0000E+00
      11      194       35        0        0        0                   5p    0.0000E+00  0.0000E+00  0.0000E+00  0.0000E+00  0.0000E+00  0.0000E+00  0.0000E+00  0.0000E+00
       5      195      193      194        0        0                         0.8859E+11  0.1190E+09  0.4268E+08  0.1089E+08  0.1729E+08  0.1355E+07  0.0000E+00  0.0000E+00
       2      196        5      195        5        0                         0.8848E+11  0.1190E+09  0.4180E+08  0.1050E+08  0.1719E+08  0.1685E+07  0.0000E+00  0.0000E+00
       3      197       13      196        0        0                         0.8899E+11  0.2157E+09  0.3705E+08  0.8543E+07  0.1542E+08  0.1396E+07  0.0000E+00  0.0000E+00
       5      198        4      197        0        0                         0.9648E+11  0.2262E+09  0.4350E+08  0.1120E+08  0.1723E+08  0.1461E+07  0.0000E+00  0.0000E+00
      11      199       36        0        0        0                   4p    0.0000E+00  0.0000E+00  0.0000E+00  0.0000E+00  0.0000E+00  0.0000E+00  0.0000E+00  0.0000E+00
       5      200      198      199        0        0                         0.9648E+11  0.2262E+09  0.4350E+08  0.1120E+08  0.1723E+08  0.1461E+07  0.0000E+00  0.0000E+00
       2      201        4      200        4        0                         0.9638E+11  0.2261E+09  0.4262E+08  0.1081E+08  0.1714E+08  0.1783E+07  0.0000E+00  0.0000E+00
       5      202       25      128        0        0                         0.1653E+12  0.3871E+08  0.6326E+08  0.1611E+08  0.2395E+08  0.1848E+08  0.0000E+00  0.0000E+00
       5      203      202      131        0        0                         0.2142E+12  0.6715E+08  0.9458E+08  0.2435E+08  0.2975E+08  0.2026E+08  0.0000E+00  0.0000E+00
      11      204       37        0        0        0                  25p    0.0000E+00  0.0000E+00  0.0000E+00  0.0000E+00  0.0000E+00  0.0000E+00  0.0000E+00  0.0000E+00
       5      205      203      204        0        0                         0.2142E+12  0.6715E+08  0.9458E+08  0.2435E+08  0.2975E+08  0.2026E+08  0.0000E+00  0.0000E+00
       2      206       25      205       25        0                         0.2138E+12  0.6710E+08  0.9009E+08  0.2263E+08  0.3016E+08  0.2170E+08  0.0000E+00  0.0000E+00
       5      207       11       62        0        0                         0.6229E+11  0.2595E+08  0.3232E+08  0.1099E+08  0.1393E+08  0.8353E+06  0.0000E+00  0.0000E+00
       5      208      207      201        0        0                         0.1587E+12  0.2521E+09  0.7494E+08  0.2180E+08  0.3107E+08  0.2619E+07  0.0000E+00  0.0000E+00
      11      209       38        0        0        0                  11p    0.0000E+00  0.0000E+00  0.0000E+00  0.0000E+00  0.0000E+00  0.0000E+00  0.0000E+00  0.0000E+00
       5      210      208      209        0        0                         0.1587E+12  0.2521E+09  0.7494E+08  0.2180E+08  0.3107E+08  0.2619E+07  0.0000E+00  0.0000E+00
       2      211       11      210       11        0                         0.1572E+12  0.1741E+09  0.5797E+08  0.1466E+08  0.3130E+08  0.7555E+07  0.0000E+00  0.0000E+00
       3      212       14      211        0        0                         0.1576E+12  0.4921E+09  0.5194E+08  0.1220E+08  0.2907E+08  0.6618E+07  0.0000E+00  0.0000E+00
       5      213       16      212        0        0                         0.1739E+12  0.5016E+09  0.6105E+08  0.1600E+08  0.3195E+08  0.6770E+07  0.0000E+00  0.0000E+00
      11      214       39        0        0        0                  16p    0.0000E+00  0.0000E+00  0.0000E+00  0.0000E+00  0.0000E+00  0.0000E+00  0.0000E+00  0.0000E+00
       5      215      213      214        0        0                         0.1739E+12  0.5016E+09  0.6105E+08  0.1600E+08  0.3195E+08  0.6770E+07  0.0000E+00  0.0000E+00
       2      216       16      215       16        0                         0.1728E+12  0.4029E+09  0.5131E+08  0.1193E+08  0.3119E+08  0.1006E+08  0.0000E+00  0.0000E+00
       5      217       17      216        0        0                         0.1729E+12  0.4031E+09  0.5141E+08  0.1198E+08  0.3123E+08  0.1006E+08  0.0000E+00  0.0000E+00
       5      218      217      177        0        0                         0.4999E+12  0.1553E+10  0.1821E+09  0.4705E+08  0.1184E+09  0.2139E+08  0.0000E+00  0.0000E+00
      11      219       40        0        0        0                  17p    0.0000E+00  0.0000E+00  0.0000E+00  0.0000E+00  0.0000E+00  0.0000E+00  0.0000E+00  0.0000E+00
       5      220      218      219        0        0                         0.4999E+12  0.1553E+10  0.1821E+09  0.4705E+08  0.1184E+09  0.2139E+08  0.0000E+00  0.0000E+00
       2      221       17      220       17        0                         0.4999E+12  0.1553E+10  0.1813E+09  0.4675E+08  0.1184E+09  0.2165E+08  0.0000E+00  0.0000E+00
       5      222       24      221        0        0                         0.5384E+12  0.1604E+10  0.2008E+09  0.5933E+08  0.1281E+09  0.2205E+08  0.0000E+00  0.0000E+00
      11      223       41        0        0        0                  24p    0.0000E+00  0.0000E+00  0.0000E+00  0.0000E+00  0.0000E+00  0.0000E+00  0.0000E+00  0.0000E+00
       5      224      222      223        0        0                         0.5384E+12  0.1604E+10  0.2008E+09  0.5933E+08  0.1281E+09  0.2205E+08  0.0000E+00  0.0000E+00
       2      225       24      224       24        0                         0.5368E+12  0.1450E+10  0.1764E+09  0.4890E+08  0.1283E+09  0.3060E+08  0.0000E+00  0.0000E+00
       3      226       15      225        0        0                         0.5373E+12  0.2191E+10  0.1732E+09  0.4732E+08  0.1259E+09  0.2949E+08  0.0000E+00  0.0000E+00
       5      227       28      166        0        0                         0.3082E+12  0.6253E+09  0.1096E+09  0.3206E+08  0.4839E+08  0.1097E+08  0.0000E+00  0.0000E+00
       5      228      227      226        0        0                         0.8456E+12  0.2816E+10  0.2828E+09  0.7938E+08  0.1743E+09  0.4046E+08  0.0000E+00  0.0000E+00
       5      229      228      116        0        0                         0.1089E+13  0.3792E+10  0.3904E+09  0.1060E+09  0.2368E+09  0.4574E+08  0.0000E+00  0.0000E+00
      11      230       42        0        0        0                  28p    0.0000E+00  0.0000E+00  0.0000E+00  0.0000E+00  0.0000E+00  0.0000E+00  0.0000E+00  0.0000E+00
       5      231      229      230        0        0                         0.1089E+13  0.3792E+10  0.3904E+09  0.1060E+09  0.2368E+09  0.4574E+08  0.0000E+00  0.0000E+00
       2      232       28      231       28        0                         0.1087E+13  0.3496E+10  0.3547E+09  0.8973E+08  0.2326E+09  0.5952E+08  0.0000E+00  0.0000E+00
       3      233       16      232        0        0                         0.1087E+13  0.4559E+10  0.3514E+09  0.8837E+08  0.2305E+09  0.5845E+08  0.0000E+00  0.0000E+00
       5      234       42      233        0        0                         0.1135E+13  0.4577E+10  0.3710E+09  0.9586E+08  0.2365E+09  0.5891E+08  0.0000E+00  0.0000E+00
       5      235      234      186        0        0                         0.1334E+13  0.4868E+10  0.4682E+09  0.1237E+09  0.2818E+09  0.6276E+08  0.0000E+00  0.0000E+00
      11      236       43        0        0        0                  42p    0.0000E+00  0.0000E+00  0.0000E+00  0.0000E+00  0.0000E+00  0.0000E+00  0.0000E+00  0.0000E+00
       5      237      235      236        0        0                         0.1334E+13  0.4868E+10  0.4682E+09  0.1237E+09  0.2818E+09  0.6276E+08  0.0000E+00  0.0000E+00
       2      238       42      237       42        0                         0.1330E+13  0.3978E+10  0.4057E+09  0.9684E+08  0.2779E+09  0.8602E+08  0.0000E+00  0.0000E+00
       3      239       17      238        0        0                         0.1331E+13  0.5673E+10  0.4026E+09  0.9562E+08  0.2758E+09  0.8473E+08  0.0000E+00  0.0000E+00
       5      240       43      239        0        0                         0.1367E+13  0.5687E+10  0.4169E+09  0.1041E+09  0.2839E+09  0.8567E+08  0.0000E+00  0.0000E+00
      11      241       44        0        0        0                  43p    0.0000E+00  0.0000E+00  0.0000E+00  0.0000E+00  0.0000E+00  0.0000E+00  0.0000E+00  0.0000E+00
       5      242      240      241        0        0                         0.1367E+13  0.5687E+10  0.4169E+09  0.1041E+09  0.2839E+09  0.8567E+08  0.0000E+00  0.0000E+00
       2      243       43      242       43        0                         0.1367E+13  0.5687E+10  0.4150E+09  0.1032E+09  0.2834E+09  0.8647E+08  0.0000E+00  0.0000E+00
       5      244       47      243        0        0                         0.1397E+13  0.5702E+10  0.4278E+09  0.1093E+09  0.2903E+09  0.8682E+08  0.0000E+00  0.0000E+00
      11      245       45        0        0        0                  47p    0.0000E+00  0.0000E+00  0.0000E+00  0.0000E+00  0.0000E+00  0.0000E+00  0.0000E+00  0.0000E+00
       5      246      244      245        0        0                         0.1397E+13  0.5702E+10  0.4278E+09  0.1093E+09  0.2903E+09  0.8682E+08  0.0000E+00  0.0000E+00
       2      247       47      246       47        0                         0.1394E+13  0.5102E+10  0.3894E+09  0.9288E+08  0.2861E+09  0.1016E+09  0.0000E+00  0.0000E+00
       3      248       18      247        0        0                         0.1394E+13  0.6059E+10  0.3869E+09  0.9193E+08  0.2840E+09  0.1002E+09  0.0000E+00  0.0000E+00
       5      249       46      158        0        0                         0.6421E+11  0.2709E+08  0.3266E+08  0.9613E+07  0.7976E+07  0.6206E+06  0.0000E+00  0.0000E+00
       5      250      249      248        0        0                         0.1459E+13  0.6086E+10  0.4195E+09  0.1015E+09  0.2920E+09  0.1008E+09  0.0000E+00  0.0000E+00
      11      251       46        0        0        0                  46p    0.0000E+00  0.0000E+00  0.0000E+00  0.0000E+00  0.0000E+00  0.0000E+00  0.0000E+00  0.0000E+00
       5      252      250      251        0        0                         0.1459E+13  0.6086E+10  0.4195E+09  0.1015E+09  0.2920E+09  0.1008E+09  0.0000E+00  0.0000E+00
       2      253       46      252       46        0                         0.1458E+13  0.6086E+10  0.4136E+09  0.9884E+08  0.2908E+09  0.1032E+09  0.0000E+00  0.0000E+00
       5      254       55      253        0        0                         0.1568E+13  0.6174E+10  0.4729E+09  0.1223E+09  0.3068E+09  0.1041E+09  0.0000E+00  0.0000E+00
      11      255       47        0        0        0                  55p    0.0000E+00  0.0000E+00  0.0000E+00  0.0000E+00  0.0000E+00  0.0000E+00  0.0000E+00  0.0000E+00
       5      256      254      255        0        0                         0.1568E+13  0.6174E+10  0.4729E+09  0.1223E+09  0.3068E+09  0.1041E+09  0.0000E+00  0.0000E+00
       2      257       55      256       55        0                         0.1563E+13  0.4452E+10  0.3928E+09  0.8972E+08  0.3212E+09  0.1322E+09  0.0000E+00  0.0000E+00
       3      258       19      257        0        0                         0.1563E+13  0.6802E+10  0.3905E+09  0.8888E+08  0.3189E+09  0.1306E+09  0.0000E+00  0.0000E+00
       5      259       53      147        0        0                         0.3196E+12  0.2977E+09  0.2564E+09  0.1015E+09  0.6823E+08  0.1666E+08  0.0000E+00  0.0000E+00
       5      260      259      258        0        0                         0.1883E+13  0.7099E+10  0.6469E+09  0.1904E+09  0.3872E+09  0.1472E+09  0.0000E+00  0.0000E+00
      11      261       48        0        0        0                  53p    0.0000E+00  0.0000E+00  0.0000E+00  0.0000E+00  0.0000E+00  0.0000E+00  0.0000E+00  0.0000E+00
       5      262      260      261        0        0                         0.1883E+13  0.7099E+10  0.6469E+09  0.1904E+09  0.3872E+09  0.1472E+09  0.0000E+00  0.0000E+00
       2      263       53      262       53        0                         0.1877E+13  0.5119E+10  0.5431E+09  0.1407E+09  0.4282E+09  0.1900E+09  0.0000E+00  0.0000E+00
       3      264       20      263        0        0                         0.1878E+13  0.8295E+10  0.5406E+09  0.1396E+09  0.4256E+09  0.1881E+09  0.0000E+00  0.0000E+00
       5      265       51      264        0        0                         0.1954E+13  0.8388E+10  0.6145E+09  0.1730E+09  0.4410E+09  0.1896E+09  0.0000E+00  0.0000E+00
      11      266       49        0        0        0                  51p    0.0000E+00  0.0000E+00  0.0000E+00  0.0000E+00  0.0000E+00  0.0000E+00  0.0000E+00  0.0000E+00
       5      267      265      266        0        0                         0.1954E+13  0.8388E+10  0.6145E+09  0.1730E+09  0.4410E+09  0.1896E+09  0.0000E+00  0.0000E+00
       2      268       51      267       51        0                         0.1953E+13  0.8116E+10  0.6066E+09  0.1682E+09  0.4378E+09  0.1939E+09  0.0000E+00  0.0000E+00
       3      269       21      268        0        0                         0.1954E+13  0.8719E+10  0.6041E+09  0.1671E+09  0.4352E+09  0.1921E+09  0.0000E+00  0.0000E+00
       5      270       50      269        0        0                         0.2035E+13  0.8986E+10  0.6832E+09  0.2146E+09  0.4522E+09  0.1933E+09  0.0000E+00  0.0000E+00
       5      271      270      161        0        0                         0.2101E+13  0.9153E+10  0.7236E+09  0.2410E+09  0.4621E+09  0.1953E+09  0.0000E+00  0.0000E+00
      11      272       50        0        0        0                  50p    0.0000E+00  0.0000E+00  0.0000E+00  0.0000E+00  0.0000E+00  0.0000E+00  0.0000E+00  0.0000E+00
       5      273      271      272        0        0                         0.2101E+13  0.9153E+10  0.7236E+09  0.2410E+09  0.4621E+09  0.1953E+09  0.0000E+00  0.0000E+00
       2      274       50      273       50        0                         0.2097E+13  0.8521E+10  0.6828E+09  0.2125E+09  0.4505E+09  0.2200E+09  0.0000E+00  0.0000E+00
       3      275       22      274        0        0                         0.2098E+13  0.9560E+10  0.6801E+09  0.2112E+09  0.4481E+09  0.2181E+09  0.0000E+00  0.0000E+00
       5      276       49      275        0        0                         0.2116E+13  0.9593E+10  0.7021E+09  0.2193E+09  0.4523E+09  0.2185E+09  0.0000E+00  0.0000E+00
      11      277       51        0        0        0                  49p    0.0000E+00  0.0000E+00  0.0000E+00  0.0000E+00  0.0000E+00  0.0000E+00  0.0000E+00  0.0000E+00
       5      278      276      277        0        0                         0.2116E+13  0.9593E+10  0.7021E+09  0.2193E+09  0.4523E+09  0.2185E+09  0.0000E+00  0.0000E+00
       2      279       49      278       49        0                         0.2115E+13  0.9589E+10  0.6914E+09  0.2109E+09  0.4474E+09  0.2261E+09  0.0000E+00  0.0000E+00
       5      280       36      279        0        0                         0.2219E+13  0.9698E+10  0.7858E+09  0.2406E+09  0.4636E+09  0.2273E+09  0.0000E+00  0.0000E+00
      11      281       52        0        0        0                  36p    0.0000E+00  0.0000E+00  0.0000E+00  0.0000E+00  0.0000E+00  0.0000E+00  0.0000E+00  0.0000E+00
       5      282      280      281        0        0                         0.2219E+13  0.9698E+10  0.7858E+09  0.2406E+09  0.4636E+09  0.2273E+09  0.0000E+00  0.0000E+00
       2      283       36      282       36        0                         0.2212E+13  0.6664E+10  0.6553E+09  0.1724E+09  0.5153E+09  0.2889E+09  0.0000E+00  0.0000E+00
       5      284       14      206        0        0                         0.2830E+12  0.1581E+09  0.1572E+09  0.4905E+08  0.4039E+08  0.2255E+08  0.0000E+00  0.0000E+00
       5      285      284      283        0        0                         0.2495E+13  0.6822E+10  0.8125E+09  0.2215E+09  0.5557E+09  0.3115E+09  0.0000E+00  0.0000E+00
      11      286       53        0        0        0                  14p    0.0000E+00  0.0000E+00  0.0000E+00  0.0000E+00  0.0000E+00  0.0000E+00  0.0000E+00  0.0000E+00
       5      287      285      286        0        0                         0.2495E+13  0.6822E+10  0.8125E+09  0.2215E+09  0.5557E+09  0.3115E+09  0.0000E+00  0.0000E+00
       2      288       14      287       14        0                         0.2491E+13  0.5412E+10  0.6750E+09  0.1667E+09  0.6460E+09  0.3592E+09  0.0000E+00  0.0000E+00
       5      289        7      288        0        0                         0.2519E+13  0.5424E+10  0.6903E+09  0.1710E+09  0.6490E+09  0.3594E+09  0.0000E+00  0.0000E+00
      11      290       54        0        0        0                   7p    0.0000E+00  0.0000E+00  0.0000E+00  0.0000E+00  0.0000E+00  0.0000E+00  0.0000E+00  0.0000E+00
       5      291      289      290        0        0                         0.2519E+13  0.5424E+10  0.6903E+09  0.1710E+09  0.6490E+09  0.3594E+09  0.0000E+00  0.0000E+00
       2      292        7      291        7        0                         0.2514E+13  0.5091E+10  0.6212E+09  0.1467E+09  0.7100E+09  0.3797E+09  0.0000E+00  0.0000E+00
       3      293       23      292        0        0                         0.2514E+13  0.1134E+11  0.6195E+09  0.1461E+09  0.7066E+09  0.3771E+09  0.0000E+00  0.0000E+00
       5      294        3      293        0        0                         0.2556E+13  0.1138E+11  0.6662E+09  0.1668E+09  0.7139E+09  0.3779E+09  0.0000E+00  0.0000E+00
      11      295       55        0        0        0                   3p    0.0000E+00  0.0000E+00  0.0000E+00  0.0000E+00  0.0000E+00  0.0000E+00  0.0000E+00  0.0000E+00
       5      296      294      295        0        0                         0.2556E+13  0.1138E+11  0.6662E+09  0.1668E+09  0.7139E+09  0.3779E+09  0.0000E+00  0.0000E+00
       2      297        3      296        3        0                         0.2555E+13  0.9984E+10  0.6626E+09  0.1631E+09  0.7073E+09  0.3813E+09  0.0000E+00  0.0000E+00
      14      297        1        0        0        0                         0.2555E+13  0.9984E+10  0.6626E+09  0.1631E+09  0.7073E+09  0.3813E+09  0.0000E+00  0.0000E+00
